<?xml version="1.0" encoding="UTF-8"?>
<testsuite xmlns:xsi="http://www.w3.org/2001/XMLSchema-instance" xsi:noNamespaceSchemaLocation="https://maven.apache.org/surefire/maven-surefire-plugin/xsd/surefire-test-report.xsd" version="3.0.2" name="com.clinica.aura.AuraApplicationTests" time="23.53" tests="1" errors="0" skipped="0" failures="0">
  <properties>
[...]
</properties>
  <testcase name="contextLoads" classname="com.clinica.aura.AuraApplicationTests" time="1.195">
    <system-out><![CDATA[08:47:51.163 [main] INFO org.springframework.test.context.support.AnnotationConfigContextLoaderUtils -- Could not detect default configuration classes for test class [com.clinica.aura.AuraApplicationTests]: AuraApplicationTests does not declare any static, non-private, non-final, nested classes annotated with @Configuration.
08:47:51.569 [main] INFO org.springframework.boot.test.context.SpringBootTestContextBootstrapper -- Found @SpringBootConfiguration com.clinica.aura.AuraApplication for test class com.clinica.aura.AuraApplicationTests
08:47:52.644 [main] INFO org.springframework.boot.devtools.restart.RestartApplicationListener -- Restart disabled due to context in which it is running

  .   ____          _            __ _ _
 /\\ / ___'_ __ _ _(_)_ __  __ _ \ \ \ \
( ( )\___ | '_ | '_| | '_ \/ _` | \ \ \ \
 \\/  ___)| |_)| | | | | || (_| |  ) ) ) )
  '  |____| .__|_| |_|_| |_\__, | / / / /
 =========|_|==============|___/=/_/_/_/

 :: Spring Boot ::                (v3.4.4)

2025-04-18T08:47:53.681-03:00  INFO 8872 --- [aura] [           main] com.clinica.aura.AuraApplicationTests    : Starting AuraApplicationTests using Java 17.0.14 with PID 8872 (started by diego in C:\Users\diego\Documents\aura)
2025-04-18T08:47:53.685-03:00  INFO 8872 --- [aura] [           main] com.clinica.aura.AuraApplicationTests    : No active profile set, falling back to 1 default profile: "default"
2025-04-18T08:47:57.436-03:00  INFO 8872 --- [aura] [           main] .s.d.r.c.RepositoryConfigurationDelegate : Bootstrapping Spring Data JPA repositories in DEFAULT mode.
2025-04-18T08:47:57.750-03:00  INFO 8872 --- [aura] [           main] .s.d.r.c.RepositoryConfigurationDelegate : Finished Spring Data repository scanning in 281 ms. Found 5 JPA repository interfaces.
2025-04-18T08:47:59.606-03:00  INFO 8872 --- [aura] [           main] o.hibernate.jpa.internal.util.LogHelper  : HHH000204: Processing PersistenceUnitInfo [name: default]
2025-04-18T08:47:59.848-03:00  INFO 8872 --- [aura] [           main] org.hibernate.Version                    : HHH000412: Hibernate ORM core version 6.6.11.Final
2025-04-18T08:48:00.004-03:00  INFO 8872 --- [aura] [           main] o.h.c.internal.RegionFactoryInitiator    : HHH000026: Second-level cache disabled
2025-04-18T08:48:01.394-03:00  INFO 8872 --- [aura] [           main] o.s.o.j.p.SpringPersistenceUnitInfo      : No LoadTimeWeaver setup: ignoring JPA class transformer
2025-04-18T08:48:01.565-03:00  INFO 8872 --- [aura] [           main] com.zaxxer.hikari.HikariDataSource       : HikariPool-1 - Starting...
2025-04-18T08:48:02.156-03:00  INFO 8872 --- [aura] [           main] com.zaxxer.hikari.pool.HikariPool        : HikariPool-1 - Added connection com.mysql.cj.jdbc.ConnectionImpl@8cb7185
2025-04-18T08:48:02.161-03:00  INFO 8872 --- [aura] [           main] com.zaxxer.hikari.HikariDataSource       : HikariPool-1 - Start completed.
2025-04-18T08:48:02.352-03:00  WARN 8872 --- [aura] [           main] org.hibernate.dialect.Dialect            : HHH000511: The 5.5.5 version for [org.hibernate.dialect.MySQLDialect] is no longer supported, hence certain features may not work properly. The minimum supported version is 8.0.0. Check the community dialects project for available legacy versions.
2025-04-18T08:48:02.440-03:00  INFO 8872 --- [aura] [           main] org.hibernate.orm.connections.pooling    : HHH10001005: Database info:
	Database JDBC URL [Connecting through datasource 'HikariDataSource (HikariPool-1)']
	Database driver: undefined/unknown
	Database version: 5.5.5
	Autocommit mode: undefined/unknown
	Isolation level: undefined/unknown
	Minimum pool size: undefined/unknown
	Maximum pool size: undefined/unknown
2025-04-18T08:48:05.850-03:00  INFO 8872 --- [aura] [           main] o.h.e.t.j.p.i.JtaPlatformInitiator       : HHH000489: No JTA platform available (set 'hibernate.transaction.jta.platform' to enable JTA platform integration)
2025-04-18T08:48:06.202-03:00  INFO 8872 --- [aura] [           main] j.LocalContainerEntityManagerFactoryBean : Initialized JPA EntityManagerFactory for persistence unit 'default'
2025-04-18T08:48:08.219-03:00  WARN 8872 --- [aura] [           main] JpaBaseConfiguration$JpaWebConfiguration : spring.jpa.open-in-view is enabled by default. Therefore, database queries may be performed during view rendering. Explicitly configure spring.jpa.open-in-view to disable this warning
2025-04-18T08:48:08.641-03:00  INFO 8872 --- [aura] [           main] eAuthenticationProviderManagerConfigurer : Global AuthenticationManager configured with AuthenticationProvider bean with name authenticationProvider
2025-04-18T08:48:08.642-03:00  WARN 8872 --- [aura] [           main] r$InitializeUserDetailsManagerConfigurer : Global AuthenticationManager configured with an AuthenticationProvider bean. UserDetailsService beans will not be used by Spring Security for automatically configuring username/password login. Consider removing the AuthenticationProvider bean. Alternatively, consider using the UserDetailsService in a manually instantiated DaoAuthenticationProvider. If the current configuration is intentional, to turn off this warning, increase the logging level of 'org.springframework.security.config.annotation.authentication.configuration.InitializeUserDetailsBeanManagerConfigurer' to ERROR
2025-04-18T08:48:11.759-03:00  INFO 8872 --- [aura] [           main] com.clinica.aura.AuraApplicationTests    : Started AuraApplicationTests in 19.287 seconds (process running for 23.047)
Hibernate: select count(*) from permission pm1_0
Hibernate: select count(*) from roles rm1_0
Hibernate: select count(*) from users um1_0
]]></system-out>
  </testcase>
</testsuite>